2025-12-03 16:47:32,203	INFO	Loaded 0 tasks
2025-12-03 16:47:53,268	INFO	Loaded 0 tasks
2025-12-03 16:53:02,294	INFO	Task added: Сделать лабораторную
2025-12-03 16:53:02,305	INFO	Loaded 1 tasks
2025-12-03 16:53:04,980	INFO	Marked done: Сделать лабораторную
2025-12-03 16:53:05,013	INFO	Loaded 1 tasks
2025-12-03 16:53:24,855	INFO	Marked undone: Сделать лабораторную
2025-12-03 16:53:24,870	INFO	Loaded 1 tasks
2025-12-03 16:53:30,380	INFO	Marked done: Сделать лабораторную
2025-12-03 16:53:30,412	INFO	Loaded 1 tasks
2025-12-03 16:55:04,578	INFO	Task added: Сделать лабораторную 2
2025-12-03 16:55:04,603	INFO	Loaded 2 tasks
2025-12-03 16:55:06,681	INFO	Marked done: Сделать лабораторную 2
2025-12-03 16:55:06,711	INFO	Loaded 2 tasks
2025-12-03 16:55:10,014	INFO	Marked undone: Сделать лабораторную 2
2025-12-03 16:55:10,042	INFO	Loaded 2 tasks
2025-12-03 16:55:12,285	INFO	Marked done: Сделать лабораторную 2
2025-12-03 16:55:12,315	INFO	Loaded 2 tasks
2025-12-03 16:55:13,862	INFO	Marked undone: Сделать лабораторную 2
2025-12-03 16:55:13,891	INFO	Loaded 2 tasks
2025-12-03 18:36:29,973	INFO	Loaded 2 tasks
